0 silly input [ '../molecule' ]
1 silly flags { _: [ 'import' ],
1 silly flags   'reject-cycles': false,
1 silly flags   rejectCycles: false,
1 silly flags   pathToRepo: '../molecule' }
2 verbose rootPath /home/daniel/Documents/webdev/moleculejs
3 info version 2.11.0
4 silly isInitialized
5 silly isInitialized true
6 silly existsSync /home/daniel/Documents/webdev/moleculejs/VERSION
7 silly initialize attempt
8 silly statSync /home/daniel/Documents/webdev/molecule
9 silly getWorkspaceRoot
10 verbose getWorkspaceRoot /home/daniel/Documents/webdev/moleculejs
11 silly existsSync /home/daniel/Documents/webdev/moleculejs/packages/molecule
12 silly getCurrentSHA
13 verbose getCurrentSHA e638c31565ab0fcd218517d768d99b42a1e25107
14 error initialize callback with error
15 error Error: Local repository has un-committed changes
15 error     at ImportCommand.initialize (/home/daniel/.nvm/versions/node/v9.4.0/lib/node_modules/lerna/lib/commands/ImportCommand.js:158:25)
